<?xml version="1.0" encoding="UTF-8" standalone="yes"?><!DOCTYPE report PUBLIC "-//JACOCO//DTD Report 1.1//EN" "report.dtd"><report name="Library"><sessioninfo id="sistemas114-69614af4" start="1739373673931" dump="1739373674244"/><sessioninfo id="sistemas114-a505322f" start="1739375475243" dump="1739375475537"/><sessioninfo id="sistemas114-5a8a0b07" start="1739375616836" dump="1739375617122"/><sessioninfo id="sistemas114-59db2035" start="1739375787163" dump="1739375787447"/><sessioninfo id="sistemas114-b96290e2" start="1739376035096" dump="1739376035407"/><sessioninfo id="sistemas114-d541792d" start="1739376069439" dump="1739376069735"/><sessioninfo id="sistemas114-25aacc0f" start="1739376161182" dump="1739376161478"/><sessioninfo id="sistemas114-7c020de1" start="1739376169507" dump="1739376169802"/><sessioninfo id="sistemas114-e2233747" start="1739376197332" dump="1739376197623"/><sessioninfo id="sistemas114-467d1c78" start="1739376251770" dump="1739376252066"/><sessioninfo id="sistemas114-2e016ece" start="1739376294209" dump="1739376294502"/><sessioninfo id="sistemas114-67a4efc5" start="1739376542997" dump="1739376543333"/><sessioninfo id="sistemas114-825df0d8" start="1739376603315" dump="1739376603598"/><sessioninfo id="sistemas114-3cca583b" start="1739376687925" dump="1739376688245"/><sessioninfo id="sistemas114-fda7a857" start="1739376731894" dump="1739376732203"/><sessioninfo id="sistemas114-4e8c2427" start="1739377081896" dump="1739377082213"/><sessioninfo id="sistemas114-6ccf154a" start="1739377216774" dump="1739377217064"/><sessioninfo id="sistemas114-b20ececb" start="1739377244292" dump="1739377244597"/><sessioninfo id="Ivan_SF_Torres-6f3cceb8" start="1739379782337" dump="1739379783326"/><sessioninfo id="Ivan_SF_Torres-2e538fc0" start="1739380045222" dump="1739380045825"/><sessioninfo id="Ivan_SF_Torres-25fe976c" start="1739380281472" dump="1739380281953"/><sessioninfo id="Ivan_SF_Torres-b50706ca" start="1739380715124" dump="1739380715630"/><sessioninfo id="Ivan_SF_Torres-8ba4e51a" start="1739380729193" dump="1739380729660"/><sessioninfo id="Ivan_SF_Torres-107f2698" start="1739380746215" dump="1739380746653"/><sessioninfo id="Ivan_SF_Torres-3e616fba" start="1739380822041" dump="1739380822452"/><sessioninfo id="Ivan_SF_Torres-ea696763" start="1739381005967" dump="1739381006469"/><sessioninfo id="Ivan_SF_Torres-5e5f0f46" start="1739381504730" dump="1739381505400"/><sessioninfo id="Ivan_SF_Torres-56a99c2d" start="1739382270753" dump="1739382271294"/><sessioninfo id="Ivan_SF_Torres-51add863" start="1739382416595" dump="1739382417125"/><sessioninfo id="Ivan_SF_Torres-8cb7131f" start="1739382798505" dump="1739382799069"/><sessioninfo id="Ivan_SF_Torres-5d9a3e71" start="1739383038828" dump="1739383039570"/><sessioninfo id="Ivan_SF_Torres-8dfb4d98" start="1739383104513" dump="1739383105129"/><sessioninfo id="Ivan_SF_Torres-b7f78d70" start="1739383153195" dump="1739383153872"/><sessioninfo id="Ivan_SF_Torres-3c57ed81" start="1739383261146" dump="1739383261783"/><sessioninfo id="Ivan_SF_Torres-d1a50d58" start="1739383347379" dump="1739383348154"/><sessioninfo id="Ivan_SF_Torres-932626b5" start="1739383408450" dump="1739383409071"/><sessioninfo id="Ivan_SF_Torres-1f696dfc" start="1739383445941" dump="1739383446587"/><sessioninfo id="Ivan_SF_Torres-21685683" start="1739383480199" dump="1739383480815"/><sessioninfo id="Ivan_SF_Torres-98009c4f" start="1739383522317" dump="1739383522978"/><sessioninfo id="Ivan_SF_Torres-c9379bb3" start="1739383654949" dump="1739383655551"/><sessioninfo id="Ivan_SF_Torres-87a3d99a" start="1739383670333" dump="1739383671036"/><sessioninfo id="Ivan_SF_Torres-be250c7b" start="1739383755266" dump="1739383755888"/><sessioninfo id="Ivan_SF_Torres-ef6c06a4" start="1739383809893" dump="1739383810550"/><sessioninfo id="Ivan_SF_Torres-2b87d49a" start="1739383865877" dump="1739383866477"/><sessioninfo id="Ivan_SF_Torres-32917b81" start="1739383890873" dump="1739383891615"/><sessioninfo id="Ivan_SF_Torres-a7a813e6" start="1739383940967" dump="1739383941771"/><sessioninfo id="Ivan_SF_Torres-dcf3fe9d" start="1739389806168" dump="1739389806691"/><sessioninfo id="Ivan_SF_Torres-373c9cde" start="1739390085533" dump="1739390085995"/><sessioninfo id="Ivan_SF_Torres-ed5e730d" start="1739390652782" dump="1739390653343"/><sessioninfo id="Ivan_SF_Torres-ca796834" start="1739390670407" dump="1739390670941"/><sessioninfo id="Ivan_SF_Torres-a06ca72" start="1739390695253" dump="1739390695675"/><sessioninfo id="Ivan_SF_Torres-7110bc7b" start="1739390933157" dump="1739390933603"/><sessioninfo id="Ivan_SF_Torres-3977ff57" start="1739390945770" dump="1739390946283"/><sessioninfo id="Ivan_SF_Torres-5386b0bb" start="1739391203781" dump="1739391204191"/><sessioninfo id="Ivan_SF_Torres-df1c7b4c" start="1739391409611" dump="1739391410072"/><sessioninfo id="Ivan_SF_Torres-a64c5542" start="1739391482895" dump="1739391483433"/><sessioninfo id="Ivan_SF_Torres-4e79ae26" start="1739392788118" dump="1739392788540"/><sessioninfo id="Ivan_SF_Torres-35e7a5b3" start="1739392860495" dump="1739392861094"/><sessioninfo id="Ivan_SF_Torres-521cf908" start="1739392975246" dump="1739392975780"/><sessioninfo id="Ivan_SF_Torres-8b8ca1ca" start="1739393009714" dump="1739393010127"/><sessioninfo id="Ivan_SF_Torres-30308b86" start="1739393157432" dump="1739393157862"/><sessioninfo id="Ivan_SF_Torres-e3ba77e0" start="1739393299616" dump="1739393300193"/><sessioninfo id="Ivan_SF_Torres-8c100759" start="1739393321819" dump="1739393322315"/><sessioninfo id="Ivan_SF_Torres-4ec4a99c" start="1739393465216" dump="1739393465730"/><sessioninfo id="Ivan_SF_Torres-a4e52a1e" start="1739395199459" dump="1739395199982"/><sessioninfo id="DESKTOP-FIDVT7Q-ab6b6245" start="1739406690652" dump="1739406693276"/><sessioninfo id="DESKTOP-FIDVT7Q-682b170c" start="1739407510681" dump="1739407515182"/><sessioninfo id="DESKTOP-FIDVT7Q-e55d2311" start="1739407551412" dump="1739407555054"/><sessioninfo id="DESKTOP-FIDVT7Q-62590d19" start="1739407725983" dump="1739407729662"/><sessioninfo id="DESKTOP-FIDVT7Q-9f31b738" start="1739416151438" dump="1739416155105"/><sessioninfo id="DESKTOP-FIDVT7Q-ec37d402" start="1739416256918" dump="1739416259434"/><sessioninfo id="DESKTOP-FIDVT7Q-1117ca1d" start="1739416361155" dump="1739416363881"/><sessioninfo id="DESKTOP-FIDVT7Q-980add24" start="1739416403743" dump="1739416407836"/><sessioninfo id="DESKTOP-FIDVT7Q-c6ac5b7d" start="1739416430293" dump="1739416433180"/><package name="edu/eci/cvds/tdd/library"><class name="edu/eci/cvds/tdd/library/Library" sourcefilename="Library.java"><method name="&lt;init&gt;" desc="()V" line="23"><counter type="INSTRUCTION" missed="0" covered="18"/><counter type="LINE" missed="0" covered="5"/><counter type="COMPLEXITY" missed="0" covered="1"/><counter type="METHOD" missed="0" covered="1"/></method><method name="addBook" desc="(Ledu/eci/cvds/tdd/library/book/Book;)Z" line="40"><counter type="INSTRUCTION" missed="0" covered="30"/><counter type="BRANCH" missed="0" covered="2"/><counter type="LINE" missed="0" covered="5"/><counter type="COMPLEXITY" missed="0" covered="2"/><counter type="METHOD" missed="0" covered="1"/></method><method name="loanABook" desc="(Ljava/lang/String;Ljava/lang/String;)Ledu/eci/cvds/tdd/library/loan/Loan;" line="63"><counter type="INSTRUCTION" missed="0" covered="104"/><counter type="BRANCH" missed="2" covered="12"/><counter type="LINE" missed="0" covered="20"/><counter type="COMPLEXITY" missed="2" covered="6"/><counter type="METHOD" missed="0" covered="1"/></method><method name="prestamoDoble" desc="(Ledu/eci/cvds/tdd/library/user/User;Ledu/eci/cvds/tdd/library/book/Book;)Z" line="104"><counter type="INSTRUCTION" missed="18" covered="13"/><counter type="BRANCH" missed="6" covered="2"/><counter type="LINE" missed="4" covered="4"/><counter type="COMPLEXITY" missed="4" covered="1"/><counter type="METHOD" missed="0" covered="1"/></method><method name="libroDisponible" desc="(Ljava/lang/String;)Z" line="120"><counter type="INSTRUCTION" missed="0" covered="29"/><counter type="BRANCH" missed="1" covered="5"/><counter type="LINE" missed="0" covered="5"/><counter type="COMPLEXITY" missed="1" covered="3"/><counter type="METHOD" missed="0" covered="1"/></method><method name="usuarioExistente" desc="(Ljava/lang/String;)Z" line="130"><counter type="INSTRUCTION" missed="0" covered="21"/><counter type="BRANCH" missed="0" covered="4"/><counter type="LINE" missed="0" covered="5"/><counter type="COMPLEXITY" missed="0" covered="3"/><counter type="METHOD" missed="0" covered="1"/></method><method name="returnLoan" desc="(Ledu/eci/cvds/tdd/library/loan/Loan;)Ledu/eci/cvds/tdd/library/loan/Loan;" line="149"><counter type="INSTRUCTION" missed="0" covered="29"/><counter type="BRANCH" missed="0" covered="2"/><counter type="LINE" missed="0" covered="7"/><counter type="COMPLEXITY" missed="0" covered="2"/><counter type="METHOD" missed="0" covered="1"/></method><method name="addUser" desc="(Ledu/eci/cvds/tdd/library/user/User;)Z" line="161"><counter type="INSTRUCTION" missed="0" covered="5"/><counter type="LINE" missed="0" covered="1"/><counter type="COMPLEXITY" missed="0" covered="1"/><counter type="METHOD" missed="0" covered="1"/></method><counter type="INSTRUCTION" missed="18" covered="249"/><counter type="BRANCH" missed="9" covered="27"/><counter type="LINE" missed="4" covered="52"/><counter type="COMPLEXITY" missed="7" covered="19"/><counter type="METHOD" missed="0" covered="8"/><counter type="CLASS" missed="0" covered="1"/></class><sourcefile name="Library.java"><line nr="23" mi="0" ci="2" mb="0" cb="0"/><line nr="24" mi="0" ci="5" mb="0" cb="0"/><line nr="25" mi="0" ci="5" mb="0" cb="0"/><line nr="26" mi="0" ci="5" mb="0" cb="0"/><line nr="27" mi="0" ci="1" mb="0" cb="0"/><line nr="40" mi="0" ci="5" mb="0" cb="2"/><line nr="41" mi="0" ci="14" mb="0" cb="0"/><line nr="42" mi="0" ci="2" mb="0" cb="0"/><line nr="44" mi="0" ci="7" mb="0" cb="0"/><line nr="45" mi="0" ci="2" mb="0" cb="0"/><line nr="63" mi="0" ci="2" mb="0" cb="0"/><line nr="64" mi="0" ci="11" mb="0" cb="2"/><line nr="65" mi="0" ci="5" mb="0" cb="2"/><line nr="66" mi="0" ci="2" mb="0" cb="0"/><line nr="68" mi="0" ci="1" mb="0" cb="0"/><line nr="70" mi="0" ci="2" mb="0" cb="0"/><line nr="71" mi="0" ci="12" mb="0" cb="2"/><line nr="72" mi="0" ci="5" mb="0" cb="2"/><line nr="73" mi="0" ci="2" mb="0" cb="0"/><line nr="75" mi="0" ci="1" mb="0" cb="0"/><line nr="80" mi="0" ci="5" mb="0" cb="0"/><line nr="82" mi="0" ci="5" mb="0" cb="0"/><line nr="86" mi="0" ci="6" mb="0" cb="0"/><line nr="89" mi="0" ci="12" mb="2" cb="4"/><line nr="90" mi="0" ci="7" mb="0" cb="0"/><line nr="91" mi="0" ci="3" mb="0" cb="0"/><line nr="92" mi="0" ci="14" mb="0" cb="0"/><line nr="93" mi="0" ci="5" mb="0" cb="0"/><line nr="94" mi="0" ci="2" mb="0" cb="0"/><line nr="96" mi="0" ci="2" mb="0" cb="0"/><line nr="104" mi="0" ci="2" mb="0" cb="0"/><line nr="105" mi="4" ci="7" mb="1" cb="1"/><line nr="106" mi="10" ci="0" mb="4" cb="0"/><line nr="107" mi="1" ci="0" mb="0" cb="0"/><line nr="110" mi="1" ci="0" mb="0" cb="0"/><line nr="111" mi="0" ci="2" mb="1" cb="1"/><line nr="112" mi="2" ci="0" mb="0" cb="0"/><line nr="114" mi="0" ci="2" mb="0" cb="0"/><line nr="120" mi="0" ci="12" mb="0" cb="2"/><line nr="121" mi="0" ci="12" mb="1" cb="3"/><line nr="122" mi="0" ci="2" mb="0" cb="0"/><line nr="124" mi="0" ci="1" mb="0" cb="0"/><line nr="125" mi="0" ci="2" mb="0" cb="0"/><line nr="130" mi="0" ci="11" mb="0" cb="2"/><line nr="131" mi="0" ci="5" mb="0" cb="2"/><line nr="132" mi="0" ci="2" mb="0" cb="0"/><line nr="134" mi="0" ci="1" mb="0" cb="0"/><line nr="135" mi="0" ci="2" mb="0" cb="0"/><line nr="149" mi="0" ci="2" mb="0" cb="2"/><line nr="150" mi="0" ci="2" mb="0" cb="0"/><line nr="153" mi="0" ci="3" mb="0" cb="0"/><line nr="154" mi="0" ci="14" mb="0" cb="0"/><line nr="155" mi="0" ci="3" mb="0" cb="0"/><line nr="156" mi="0" ci="3" mb="0" cb="0"/><line nr="157" mi="0" ci="2" mb="0" cb="0"/><line nr="161" mi="0" ci="5" mb="0" cb="0"/><counter type="INSTRUCTION" missed="18" covered="249"/><counter type="BRANCH" missed="9" covered="27"/><counter type="LINE" missed="4" covered="52"/><counter type="COMPLEXITY" missed="7" covered="19"/><counter type="METHOD" missed="0" covered="8"/><counter type="CLASS" missed="0" covered="1"/></sourcefile><counter type="INSTRUCTION" missed="18" covered="249"/><counter type="BRANCH" missed="9" covered="27"/><counter type="LINE" missed="4" covered="52"/><counter type="COMPLEXITY" missed="7" covered="19"/><counter type="METHOD" missed="0" covered="8"/><counter type="CLASS" missed="0" covered="1"/></package><package name="edu/eci/cvds/tdd/library/book"><class name="edu/eci/cvds/tdd/library/book/Book" sourcefilename="Book.java"><method name="&lt;init&gt;" desc="(Ljava/lang/String;Ljava/lang/String;Ljava/lang/String;)V" line="8"><counter type="INSTRUCTION" missed="0" covered="12"/><counter type="LINE" missed="0" covered="5"/><counter type="COMPLEXITY" missed="0" covered="1"/><counter type="METHOD" missed="0" covered="1"/></method><method name="getTittle" desc="()Ljava/lang/String;" line="15"><counter type="INSTRUCTION" missed="0" covered="3"/><counter type="LINE" missed="0" covered="1"/><counter type="COMPLEXITY" missed="0" covered="1"/><counter type="METHOD" missed="0" covered="1"/></method><method name="getAuthor" desc="()Ljava/lang/String;" line="19"><counter type="INSTRUCTION" missed="0" covered="3"/><counter type="LINE" missed="0" covered="1"/><counter type="COMPLEXITY" missed="0" covered="1"/><counter type="METHOD" missed="0" covered="1"/></method><method name="getIsbn" desc="()Ljava/lang/String;" line="23"><counter type="INSTRUCTION" missed="0" covered="3"/><counter type="LINE" missed="0" covered="1"/><counter type="COMPLEXITY" missed="0" covered="1"/><counter type="METHOD" missed="0" covered="1"/></method><method name="equals" desc="(Ljava/lang/Object;)Z" line="28"><counter type="INSTRUCTION" missed="0" covered="7"/><counter type="LINE" missed="0" covered="1"/><counter type="COMPLEXITY" missed="0" covered="1"/><counter type="METHOD" missed="0" covered="1"/></method><counter type="INSTRUCTION" missed="0" covered="28"/><counter type="LINE" missed="0" covered="9"/><counter type="COMPLEXITY" missed="0" covered="5"/><counter type="METHOD" missed="0" covered="5"/><counter type="CLASS" missed="0" covered="1"/></class><sourcefile name="Book.java"><line nr="8" mi="0" ci="2" mb="0" cb="0"/><line nr="9" mi="0" ci="3" mb="0" cb="0"/><line nr="10" mi="0" ci="3" mb="0" cb="0"/><line nr="11" mi="0" ci="3" mb="0" cb="0"/><line nr="12" mi="0" ci="1" mb="0" cb="0"/><line nr="15" mi="0" ci="3" mb="0" cb="0"/><line nr="19" mi="0" ci="3" mb="0" cb="0"/><line nr="23" mi="0" ci="3" mb="0" cb="0"/><line nr="28" mi="0" ci="7" mb="0" cb="0"/><counter type="INSTRUCTION" missed="0" covered="28"/><counter type="LINE" missed="0" covered="9"/><counter type="COMPLEXITY" missed="0" covered="5"/><counter type="METHOD" missed="0" covered="5"/><counter type="CLASS" missed="0" covered="1"/></sourcefile><counter type="INSTRUCTION" missed="0" covered="28"/><counter type="LINE" missed="0" covered="9"/><counter type="COMPLEXITY" missed="0" covered="5"/><counter type="METHOD" missed="0" covered="5"/><counter type="CLASS" missed="0" covered="1"/></package><package name="edu/eci/cvds/tdd/library/loan"><class name="edu/eci/cvds/tdd/library/loan/LoanStatus" sourcefilename="LoanStatus.java"><method name="&lt;clinit&gt;" desc="()V" line="3"><counter type="INSTRUCTION" missed="0" covered="15"/><counter type="LINE" missed="0" covered="2"/><counter type="COMPLEXITY" missed="0" covered="1"/><counter type="METHOD" missed="0" covered="1"/></method><counter type="INSTRUCTION" missed="0" covered="15"/><counter type="LINE" missed="0" covered="2"/><counter type="COMPLEXITY" missed="0" covered="1"/><counter type="METHOD" missed="0" covered="1"/><counter type="CLASS" missed="0" covered="1"/></class><class name="edu/eci/cvds/tdd/library/loan/Loan" sourcefilename="Loan.java"><method name="&lt;init&gt;" desc="(Ledu/eci/cvds/tdd/library/book/Book;Ledu/eci/cvds/tdd/library/user/User;Ljava/time/LocalDateTime;)V" line="19"><counter type="INSTRUCTION" missed="0" covered="12"/><counter type="LINE" missed="0" covered="5"/><counter type="COMPLEXITY" missed="0" covered="1"/><counter type="METHOD" missed="0" covered="1"/></method><method name="getBook" desc="()Ledu/eci/cvds/tdd/library/book/Book;" line="28"><counter type="INSTRUCTION" missed="0" covered="3"/><counter type="LINE" missed="0" covered="1"/><counter type="COMPLEXITY" missed="0" covered="1"/><counter type="METHOD" missed="0" covered="1"/></method><method name="setBook" desc="(Ledu/eci/cvds/tdd/library/book/Book;)V" line="33"><counter type="INSTRUCTION" missed="0" covered="4"/><counter type="LINE" missed="0" covered="2"/><counter type="COMPLEXITY" missed="0" covered="1"/><counter type="METHOD" missed="0" covered="1"/></method><method name="getUser" desc="()Ledu/eci/cvds/tdd/library/user/User;" line="38"><counter type="INSTRUCTION" missed="0" covered="3"/><counter type="LINE" missed="0" covered="1"/><counter type="COMPLEXITY" missed="0" covered="1"/><counter type="METHOD" missed="0" covered="1"/></method><method name="setUser" desc="(Ledu/eci/cvds/tdd/library/user/User;)V" line="42"><counter type="INSTRUCTION" missed="0" covered="4"/><counter type="LINE" missed="0" covered="2"/><counter type="COMPLEXITY" missed="0" covered="1"/><counter type="METHOD" missed="0" covered="1"/></method><method name="getLoanDate" desc="()Ljava/time/LocalDateTime;" line="46"><counter type="INSTRUCTION" missed="0" covered="3"/><counter type="LINE" missed="0" covered="1"/><counter type="COMPLEXITY" missed="0" covered="1"/><counter type="METHOD" missed="0" covered="1"/></method><method name="setLoanDate" desc="(Ljava/time/LocalDateTime;)V" line="50"><counter type="INSTRUCTION" missed="0" covered="4"/><counter type="LINE" missed="0" covered="2"/><counter type="COMPLEXITY" missed="0" covered="1"/><counter type="METHOD" missed="0" covered="1"/></method><method name="getStatus" desc="()Ledu/eci/cvds/tdd/library/loan/LoanStatus;" line="54"><counter type="INSTRUCTION" missed="0" covered="3"/><counter type="LINE" missed="0" covered="1"/><counter type="COMPLEXITY" missed="0" covered="1"/><counter type="METHOD" missed="0" covered="1"/></method><method name="setStatus" desc="(Ledu/eci/cvds/tdd/library/loan/LoanStatus;)V" line="58"><counter type="INSTRUCTION" missed="0" covered="4"/><counter type="LINE" missed="0" covered="2"/><counter type="COMPLEXITY" missed="0" covered="1"/><counter type="METHOD" missed="0" covered="1"/></method><method name="getReturnDate" desc="()Ljava/time/LocalDateTime;" line="62"><counter type="INSTRUCTION" missed="0" covered="3"/><counter type="LINE" missed="0" covered="1"/><counter type="COMPLEXITY" missed="0" covered="1"/><counter type="METHOD" missed="0" covered="1"/></method><method name="setReturnDate" desc="(Ljava/time/LocalDateTime;)V" line="66"><counter type="INSTRUCTION" missed="0" covered="4"/><counter type="LINE" missed="0" covered="2"/><counter type="COMPLEXITY" missed="0" covered="1"/><counter type="METHOD" missed="0" covered="1"/></method><counter type="INSTRUCTION" missed="0" covered="47"/><counter type="LINE" missed="0" covered="20"/><counter type="COMPLEXITY" missed="0" covered="11"/><counter type="METHOD" missed="0" covered="11"/><counter type="CLASS" missed="0" covered="1"/></class><sourcefile name="Loan.java"><line nr="19" mi="0" ci="2" mb="0" cb="0"/><line nr="20" mi="0" ci="3" mb="0" cb="0"/><line nr="21" mi="0" ci="3" mb="0" cb="0"/><line nr="22" mi="0" ci="3" mb="0" cb="0"/><line nr="24" mi="0" ci="1" mb="0" cb="0"/><line nr="28" mi="0" ci="3" mb="0" cb="0"/><line nr="33" mi="0" ci="3" mb="0" cb="0"/><line nr="34" mi="0" ci="1" mb="0" cb="0"/><line nr="38" mi="0" ci="3" mb="0" cb="0"/><line nr="42" mi="0" ci="3" mb="0" cb="0"/><line nr="43" mi="0" ci="1" mb="0" cb="0"/><line nr="46" mi="0" ci="3" mb="0" cb="0"/><line nr="50" mi="0" ci="3" mb="0" cb="0"/><line nr="51" mi="0" ci="1" mb="0" cb="0"/><line nr="54" mi="0" ci="3" mb="0" cb="0"/><line nr="58" mi="0" ci="3" mb="0" cb="0"/><line nr="59" mi="0" ci="1" mb="0" cb="0"/><line nr="62" mi="0" ci="3" mb="0" cb="0"/><line nr="66" mi="0" ci="3" mb="0" cb="0"/><line nr="67" mi="0" ci="1" mb="0" cb="0"/><counter type="INSTRUCTION" missed="0" covered="47"/><counter type="LINE" missed="0" covered="20"/><counter type="COMPLEXITY" missed="0" covered="11"/><counter type="METHOD" missed="0" covered="11"/><counter type="CLASS" missed="0" covered="1"/></sourcefile><sourcefile name="LoanStatus.java"><line nr="3" mi="0" ci="3" mb="0" cb="0"/><line nr="4" mi="0" ci="12" mb="0" cb="0"/><counter type="INSTRUCTION" missed="0" covered="15"/><counter type="LINE" missed="0" covered="2"/><counter type="COMPLEXITY" missed="0" covered="1"/><counter type="METHOD" missed="0" covered="1"/><counter type="CLASS" missed="0" covered="1"/></sourcefile><counter type="INSTRUCTION" missed="0" covered="62"/><counter type="LINE" missed="0" covered="22"/><counter type="COMPLEXITY" missed="0" covered="12"/><counter type="METHOD" missed="0" covered="12"/><counter type="CLASS" missed="0" covered="2"/></package><package name="edu/eci/cvds/tdd/library/user"><class name="edu/eci/cvds/tdd/library/user/User" sourcefilename="User.java"><method name="&lt;init&gt;" desc="(Ljava/lang/String;Ljava/lang/String;)V" line="8"><counter type="INSTRUCTION" missed="0" covered="9"/><counter type="LINE" missed="0" covered="4"/><counter type="COMPLEXITY" missed="0" covered="1"/><counter type="METHOD" missed="0" covered="1"/></method><method name="getName" desc="()Ljava/lang/String;" line="14"><counter type="INSTRUCTION" missed="0" covered="3"/><counter type="LINE" missed="0" covered="1"/><counter type="COMPLEXITY" missed="0" covered="1"/><counter type="METHOD" missed="0" covered="1"/></method><method name="setName" desc="(Ljava/lang/String;)V" line="18"><counter type="INSTRUCTION" missed="0" covered="4"/><counter type="LINE" missed="0" covered="2"/><counter type="COMPLEXITY" missed="0" covered="1"/><counter type="METHOD" missed="0" covered="1"/></method><method name="getId" desc="()Ljava/lang/String;" line="22"><counter type="INSTRUCTION" missed="0" covered="3"/><counter type="LINE" missed="0" covered="1"/><counter type="COMPLEXITY" missed="0" covered="1"/><counter type="METHOD" missed="0" covered="1"/></method><method name="setId" desc="(Ljava/lang/String;)V" line="26"><counter type="INSTRUCTION" missed="0" covered="4"/><counter type="LINE" missed="0" covered="2"/><counter type="COMPLEXITY" missed="0" covered="1"/><counter type="METHOD" missed="0" covered="1"/></method><counter type="INSTRUCTION" missed="0" covered="23"/><counter type="LINE" missed="0" covered="10"/><counter type="COMPLEXITY" missed="0" covered="5"/><counter type="METHOD" missed="0" covered="5"/><counter type="CLASS" missed="0" covered="1"/></class><sourcefile name="User.java"><line nr="8" mi="0" ci="2" mb="0" cb="0"/><line nr="9" mi="0" ci="3" mb="0" cb="0"/><line nr="10" mi="0" ci="3" mb="0" cb="0"/><line nr="11" mi="0" ci="1" mb="0" cb="0"/><line nr="14" mi="0" ci="3" mb="0" cb="0"/><line nr="18" mi="0" ci="3" mb="0" cb="0"/><line nr="19" mi="0" ci="1" mb="0" cb="0"/><line nr="22" mi="0" ci="3" mb="0" cb="0"/><line nr="26" mi="0" ci="3" mb="0" cb="0"/><line nr="27" mi="0" ci="1" mb="0" cb="0"/><counter type="INSTRUCTION" missed="0" covered="23"/><counter type="LINE" missed="0" covered="10"/><counter type="COMPLEXITY" missed="0" covered="5"/><counter type="METHOD" missed="0" covered="5"/><counter type="CLASS" missed="0" covered="1"/></sourcefile><counter type="INSTRUCTION" missed="0" covered="23"/><counter type="LINE" missed="0" covered="10"/><counter type="COMPLEXITY" missed="0" covered="5"/><counter type="METHOD" missed="0" covered="5"/><counter type="CLASS" missed="0" covered="1"/></package><counter type="INSTRUCTION" missed="18" covered="362"/><counter type="BRANCH" missed="9" covered="27"/><counter type="LINE" missed="4" covered="93"/><counter type="COMPLEXITY" missed="7" covered="41"/><counter type="METHOD" missed="0" covered="30"/><counter type="CLASS" missed="0" covered="5"/></report>